<?xml version="1.0" encoding="UTF-8"?>
<!-- Generated by org.testng.reporters.JUnitXMLReporter -->
<testsuite hostname="DESKTOP-IQOQ25D" name="IETest" tests="10" failures="1" timestamp="14 Dec 2016 06:19:11 GMT" time="0.409" errors="0">
  <testcase name="@BeforeClass setup" time="0.0" classname="remedy.health.ArticlePage">
    <failure type="java.lang.Exception" message="Browser is not correct">
      <![CDATA[java.lang.Exception: Browser is not correct
	at remedy.health.RemedySharedFunctions.setup(RemedySharedFunctions.java:92)
	at java.util.concurrent.FutureTask.run(FutureTask.java:266)
	at java.util.concurrent.ThreadPoolExecutor.runWorker(ThreadPoolExecutor.java:1142)
	at java.util.concurrent.ThreadPoolExecutor$Worker.run(ThreadPoolExecutor.java:617)
	at java.lang.Thread.run(Thread.java:745)
... Removed 16 stack frames]]>
    </failure>
  </testcase> <!-- @BeforeClass setup -->
  <testcase name="@AfterClass tearDown" time="0.0" classname="remedy.health.ArticlePage">
    <failure type="java.lang.RuntimeException" message="This operation requires a browser window. Please call one of the following functions first:
 * startChrome()
 * startFirefox()
 * startIE()
 * setDriver(...)">
      <![CDATA[java.lang.RuntimeException: This operation requires a browser window. Please call one of the following functions first:
 * startChrome()
 * startFirefox()
 * startIE()
 * setDriver(...)
	at com.heliumhq.api_impl.APIImpl.requireDriver(APIImpl.java:1168)
	at com.heliumhq.api_impl.APIImpl.killBrowserImpl(APIImpl.java:1014)
	at com.heliumhq.API.killBrowser(API.java:1046)
	at remedy.health.RemedySharedFunctions.tearDown(RemedySharedFunctions.java:508)
	at java.util.concurrent.FutureTask.run(FutureTask.java:266)
	at java.util.concurrent.ThreadPoolExecutor.runWorker(ThreadPoolExecutor.java:1142)
	at java.util.concurrent.ThreadPoolExecutor$Worker.run(ThreadPoolExecutor.java:617)
	at java.lang.Thread.run(Thread.java:745)
... Removed 16 stack frames]]>
    </failure>
  </testcase> <!-- @AfterClass tearDown -->
  <testcase name="@BeforeClass setup" time="0.0" classname="remedy.health.MainPage">
    <failure type="java.lang.Exception" message="Browser is not correct">
      <![CDATA[java.lang.Exception: Browser is not correct
	at remedy.health.RemedySharedFunctions.setup(RemedySharedFunctions.java:92)
	at java.util.concurrent.FutureTask.run(FutureTask.java:266)
	at java.util.concurrent.ThreadPoolExecutor.runWorker(ThreadPoolExecutor.java:1142)
	at java.util.concurrent.ThreadPoolExecutor$Worker.run(ThreadPoolExecutor.java:617)
	at java.lang.Thread.run(Thread.java:745)
... Removed 16 stack frames]]>
    </failure>
  </testcase> <!-- @BeforeClass setup -->
  <testcase name="@AfterClass tearDown" time="0.0" classname="remedy.health.MainPage">
    <failure type="java.lang.RuntimeException" message="This operation requires a browser window. Please call one of the following functions first:
 * startChrome()
 * startFirefox()
 * startIE()
 * setDriver(...)">
      <![CDATA[java.lang.RuntimeException: This operation requires a browser window. Please call one of the following functions first:
 * startChrome()
 * startFirefox()
 * startIE()
 * setDriver(...)
	at com.heliumhq.api_impl.APIImpl.requireDriver(APIImpl.java:1168)
	at com.heliumhq.api_impl.APIImpl.killBrowserImpl(APIImpl.java:1014)
	at com.heliumhq.API.killBrowser(API.java:1046)
	at remedy.health.RemedySharedFunctions.tearDown(RemedySharedFunctions.java:508)
	at java.util.concurrent.FutureTask.run(FutureTask.java:266)
	at java.util.concurrent.ThreadPoolExecutor.runWorker(ThreadPoolExecutor.java:1142)
	at java.util.concurrent.ThreadPoolExecutor$Worker.run(ThreadPoolExecutor.java:617)
	at java.lang.Thread.run(Thread.java:745)
... Removed 16 stack frames]]>
    </failure>
  </testcase> <!-- @AfterClass tearDown -->
  <testcase name="@BeforeClass setup" time="0.0" classname="remedy.health.HealthCareandCosts">
    <failure type="java.lang.Exception" message="Browser is not correct">
      <![CDATA[java.lang.Exception: Browser is not correct
	at remedy.health.RemedySharedFunctions.setup(RemedySharedFunctions.java:92)
	at java.util.concurrent.FutureTask.run(FutureTask.java:266)
	at java.util.concurrent.ThreadPoolExecutor.runWorker(ThreadPoolExecutor.java:1142)
	at java.util.concurrent.ThreadPoolExecutor$Worker.run(ThreadPoolExecutor.java:617)
	at java.lang.Thread.run(Thread.java:745)
... Removed 16 stack frames]]>
    </failure>
  </testcase> <!-- @BeforeClass setup -->
  <testcase name="@AfterClass tearDown" time="0.0" classname="remedy.health.HealthCareandCosts">
    <failure type="java.lang.RuntimeException" message="This operation requires a browser window. Please call one of the following functions first:
 * startChrome()
 * startFirefox()
 * startIE()
 * setDriver(...)">
      <![CDATA[java.lang.RuntimeException: This operation requires a browser window. Please call one of the following functions first:
 * startChrome()
 * startFirefox()
 * startIE()
 * setDriver(...)
	at com.heliumhq.api_impl.APIImpl.requireDriver(APIImpl.java:1168)
	at com.heliumhq.api_impl.APIImpl.killBrowserImpl(APIImpl.java:1014)
	at com.heliumhq.API.killBrowser(API.java:1046)
	at remedy.health.RemedySharedFunctions.tearDown(RemedySharedFunctions.java:508)
	at java.util.concurrent.FutureTask.run(FutureTask.java:266)
	at java.util.concurrent.ThreadPoolExecutor.runWorker(ThreadPoolExecutor.java:1142)
	at java.util.concurrent.ThreadPoolExecutor$Worker.run(ThreadPoolExecutor.java:617)
	at java.lang.Thread.run(Thread.java:745)
... Removed 16 stack frames]]>
    </failure>
  </testcase> <!-- @AfterClass tearDown -->
  <testcase name="@BeforeClass setup" time="0.0" classname="remedy.health.SexandRelationships">
    <failure type="java.lang.Exception" message="Browser is not correct">
      <![CDATA[java.lang.Exception: Browser is not correct
	at remedy.health.RemedySharedFunctions.setup(RemedySharedFunctions.java:92)
	at java.util.concurrent.FutureTask.run(FutureTask.java:266)
	at java.util.concurrent.ThreadPoolExecutor.runWorker(ThreadPoolExecutor.java:1142)
	at java.util.concurrent.ThreadPoolExecutor$Worker.run(ThreadPoolExecutor.java:617)
	at java.lang.Thread.run(Thread.java:745)
... Removed 16 stack frames]]>
    </failure>
  </testcase> <!-- @BeforeClass setup -->
  <testcase name="@AfterClass tearDown" time="0.0" classname="remedy.health.SexandRelationships">
    <failure type="java.lang.RuntimeException" message="This operation requires a browser window. Please call one of the following functions first:
 * startChrome()
 * startFirefox()
 * startIE()
 * setDriver(...)">
      <![CDATA[java.lang.RuntimeException: This operation requires a browser window. Please call one of the following functions first:
 * startChrome()
 * startFirefox()
 * startIE()
 * setDriver(...)
	at com.heliumhq.api_impl.APIImpl.requireDriver(APIImpl.java:1168)
	at com.heliumhq.api_impl.APIImpl.killBrowserImpl(APIImpl.java:1014)
	at com.heliumhq.API.killBrowser(API.java:1046)
	at remedy.health.RemedySharedFunctions.tearDown(RemedySharedFunctions.java:508)
	at java.util.concurrent.FutureTask.run(FutureTask.java:266)
	at java.util.concurrent.ThreadPoolExecutor.runWorker(ThreadPoolExecutor.java:1142)
	at java.util.concurrent.ThreadPoolExecutor$Worker.run(ThreadPoolExecutor.java:617)
	at java.lang.Thread.run(Thread.java:745)
... Removed 16 stack frames]]>
    </failure>
  </testcase> <!-- @AfterClass tearDown -->
  <testcase name="@BeforeClass setup" time="0.0" classname="remedy.health.AboutUs">
    <failure type="java.lang.Exception" message="Browser is not correct">
      <![CDATA[java.lang.Exception: Browser is not correct
	at remedy.health.RemedySharedFunctions.setup(RemedySharedFunctions.java:92)
	at java.util.concurrent.FutureTask.run(FutureTask.java:266)
	at java.util.concurrent.ThreadPoolExecutor.runWorker(ThreadPoolExecutor.java:1142)
	at java.util.concurrent.ThreadPoolExecutor$Worker.run(ThreadPoolExecutor.java:617)
	at java.lang.Thread.run(Thread.java:745)
... Removed 16 stack frames]]>
    </failure>
  </testcase> <!-- @BeforeClass setup -->
  <testcase name="@AfterClass tearDown" time="0.0" classname="remedy.health.AboutUs">
    <failure type="java.lang.RuntimeException" message="This operation requires a browser window. Please call one of the following functions first:
 * startChrome()
 * startFirefox()
 * startIE()
 * setDriver(...)">
      <![CDATA[java.lang.RuntimeException: This operation requires a browser window. Please call one of the following functions first:
 * startChrome()
 * startFirefox()
 * startIE()
 * setDriver(...)
	at com.heliumhq.api_impl.APIImpl.requireDriver(APIImpl.java:1168)
	at com.heliumhq.api_impl.APIImpl.killBrowserImpl(APIImpl.java:1014)
	at com.heliumhq.API.killBrowser(API.java:1046)
	at remedy.health.RemedySharedFunctions.tearDown(RemedySharedFunctions.java:508)
	at java.util.concurrent.FutureTask.run(FutureTask.java:266)
	at java.util.concurrent.ThreadPoolExecutor.runWorker(ThreadPoolExecutor.java:1142)
	at java.util.concurrent.ThreadPoolExecutor$Worker.run(ThreadPoolExecutor.java:617)
	at java.lang.Thread.run(Thread.java:745)
... Removed 16 stack frames]]>
    </failure>
  </testcase> <!-- @AfterClass tearDown -->
  <testcase name="@BeforeClass setup" time="0.0" classname="remedy.health.DrugsandSupplements">
    <failure type="java.lang.Exception" message="Browser is not correct">
      <![CDATA[java.lang.Exception: Browser is not correct
	at remedy.health.RemedySharedFunctions.setup(RemedySharedFunctions.java:92)
	at java.util.concurrent.FutureTask.run(FutureTask.java:266)
	at java.util.concurrent.ThreadPoolExecutor.runWorker(ThreadPoolExecutor.java:1142)
	at java.util.concurrent.ThreadPoolExecutor$Worker.run(ThreadPoolExecutor.java:617)
	at java.lang.Thread.run(Thread.java:745)
... Removed 16 stack frames]]>
    </failure>
  </testcase> <!-- @BeforeClass setup -->
  <testcase name="@AfterClass tearDown" time="0.0" classname="remedy.health.DrugsandSupplements">
    <failure type="java.lang.RuntimeException" message="This operation requires a browser window. Please call one of the following functions first:
 * startChrome()
 * startFirefox()
 * startIE()
 * setDriver(...)">
      <![CDATA[java.lang.RuntimeException: This operation requires a browser window. Please call one of the following functions first:
 * startChrome()
 * startFirefox()
 * startIE()
 * setDriver(...)
	at com.heliumhq.api_impl.APIImpl.requireDriver(APIImpl.java:1168)
	at com.heliumhq.api_impl.APIImpl.killBrowserImpl(APIImpl.java:1014)
	at com.heliumhq.API.killBrowser(API.java:1046)
	at remedy.health.RemedySharedFunctions.tearDown(RemedySharedFunctions.java:508)
	at java.util.concurrent.FutureTask.run(FutureTask.java:266)
	at java.util.concurrent.ThreadPoolExecutor.runWorker(ThreadPoolExecutor.java:1142)
	at java.util.concurrent.ThreadPoolExecutor$Worker.run(ThreadPoolExecutor.java:617)
	at java.lang.Thread.run(Thread.java:745)
... Removed 16 stack frames]]>
    </failure>
  </testcase> <!-- @AfterClass tearDown -->
  <testcase name="@BeforeClass setup" time="0.0" classname="remedy.health.SearchEngineOptimization">
    <failure type="java.lang.Exception" message="Browser is not correct">
      <![CDATA[java.lang.Exception: Browser is not correct
	at remedy.health.RemedySharedFunctions.setup(RemedySharedFunctions.java:92)
	at java.util.concurrent.FutureTask.run(FutureTask.java:266)
	at java.util.concurrent.ThreadPoolExecutor.runWorker(ThreadPoolExecutor.java:1142)
	at java.util.concurrent.ThreadPoolExecutor$Worker.run(ThreadPoolExecutor.java:617)
	at java.lang.Thread.run(Thread.java:745)
... Removed 16 stack frames]]>
    </failure>
  </testcase> <!-- @BeforeClass setup -->
  <testcase name="@AfterClass tearDown" time="0.0" classname="remedy.health.SearchEngineOptimization">
    <failure type="java.lang.RuntimeException" message="This operation requires a browser window. Please call one of the following functions first:
 * startChrome()
 * startFirefox()
 * startIE()
 * setDriver(...)">
      <![CDATA[java.lang.RuntimeException: This operation requires a browser window. Please call one of the following functions first:
 * startChrome()
 * startFirefox()
 * startIE()
 * setDriver(...)
	at com.heliumhq.api_impl.APIImpl.requireDriver(APIImpl.java:1168)
	at com.heliumhq.api_impl.APIImpl.killBrowserImpl(APIImpl.java:1014)
	at com.heliumhq.API.killBrowser(API.java:1046)
	at remedy.health.RemedySharedFunctions.tearDown(RemedySharedFunctions.java:508)
	at java.util.concurrent.FutureTask.run(FutureTask.java:266)
	at java.util.concurrent.ThreadPoolExecutor.runWorker(ThreadPoolExecutor.java:1142)
	at java.util.concurrent.ThreadPoolExecutor$Worker.run(ThreadPoolExecutor.java:617)
	at java.lang.Thread.run(Thread.java:745)
... Removed 16 stack frames]]>
    </failure>
  </testcase> <!-- @AfterClass tearDown -->
  <testcase name="@BeforeClass setup" time="0.0" classname="remedy.health.Bookstore">
    <failure type="java.lang.Exception" message="Browser is not correct">
      <![CDATA[java.lang.Exception: Browser is not correct
	at remedy.health.RemedySharedFunctions.setup(RemedySharedFunctions.java:92)
	at java.util.concurrent.FutureTask.run(FutureTask.java:266)
	at java.util.concurrent.ThreadPoolExecutor.runWorker(ThreadPoolExecutor.java:1142)
	at java.util.concurrent.ThreadPoolExecutor$Worker.run(ThreadPoolExecutor.java:617)
	at java.lang.Thread.run(Thread.java:745)
... Removed 16 stack frames]]>
    </failure>
  </testcase> <!-- @BeforeClass setup -->
  <testcase name="@AfterClass tearDown" time="0.0" classname="remedy.health.Bookstore">
    <failure type="java.lang.RuntimeException" message="This operation requires a browser window. Please call one of the following functions first:
 * startChrome()
 * startFirefox()
 * startIE()
 * setDriver(...)">
      <![CDATA[java.lang.RuntimeException: This operation requires a browser window. Please call one of the following functions first:
 * startChrome()
 * startFirefox()
 * startIE()
 * setDriver(...)
	at com.heliumhq.api_impl.APIImpl.requireDriver(APIImpl.java:1168)
	at com.heliumhq.api_impl.APIImpl.killBrowserImpl(APIImpl.java:1014)
	at com.heliumhq.API.killBrowser(API.java:1046)
	at remedy.health.RemedySharedFunctions.tearDown(RemedySharedFunctions.java:508)
	at java.util.concurrent.FutureTask.run(FutureTask.java:266)
	at java.util.concurrent.ThreadPoolExecutor.runWorker(ThreadPoolExecutor.java:1142)
	at java.util.concurrent.ThreadPoolExecutor$Worker.run(ThreadPoolExecutor.java:617)
	at java.lang.Thread.run(Thread.java:745)
... Removed 16 stack frames]]>
    </failure>
  </testcase> <!-- @AfterClass tearDown -->
  <testcase name="@BeforeClass setup" time="0.0" classname="remedy.health.FoodandFitness">
    <failure type="java.lang.Exception" message="Browser is not correct">
      <![CDATA[java.lang.Exception: Browser is not correct
	at remedy.health.RemedySharedFunctions.setup(RemedySharedFunctions.java:92)
	at java.util.concurrent.FutureTask.run(FutureTask.java:266)
	at java.util.concurrent.ThreadPoolExecutor.runWorker(ThreadPoolExecutor.java:1142)
	at java.util.concurrent.ThreadPoolExecutor$Worker.run(ThreadPoolExecutor.java:617)
	at java.lang.Thread.run(Thread.java:745)
... Removed 16 stack frames]]>
    </failure>
  </testcase> <!-- @BeforeClass setup -->
  <testcase name="@AfterClass tearDown" time="0.0" classname="remedy.health.FoodandFitness">
    <failure type="java.lang.RuntimeException" message="This operation requires a browser window. Please call one of the following functions first:
 * startChrome()
 * startFirefox()
 * startIE()
 * setDriver(...)">
      <![CDATA[java.lang.RuntimeException: This operation requires a browser window. Please call one of the following functions first:
 * startChrome()
 * startFirefox()
 * startIE()
 * setDriver(...)
	at com.heliumhq.api_impl.APIImpl.requireDriver(APIImpl.java:1168)
	at com.heliumhq.api_impl.APIImpl.killBrowserImpl(APIImpl.java:1014)
	at com.heliumhq.API.killBrowser(API.java:1046)
	at remedy.health.RemedySharedFunctions.tearDown(RemedySharedFunctions.java:508)
	at java.util.concurrent.FutureTask.run(FutureTask.java:266)
	at java.util.concurrent.ThreadPoolExecutor.runWorker(ThreadPoolExecutor.java:1142)
	at java.util.concurrent.ThreadPoolExecutor$Worker.run(ThreadPoolExecutor.java:617)
	at java.lang.Thread.run(Thread.java:745)
... Removed 16 stack frames]]>
    </failure>
  </testcase> <!-- @AfterClass tearDown -->
  <testcase name="CheckArticles" time="0.002" classname="remedy.health.ArticlePage">
    <skipped/>
  </testcase> <!-- CheckArticles -->
  <testcase name="CheckMainPage" time="0.002" classname="remedy.health.MainPage">
    <skipped/>
  </testcase> <!-- CheckMainPage -->
  <testcase name="TestHealthCareandCosts" time="0.0" classname="remedy.health.HealthCareandCosts">
    <skipped/>
  </testcase> <!-- TestHealthCareandCosts -->
  <testcase name="TestSexandRelationships" time="0.001" classname="remedy.health.SexandRelationships">
    <skipped/>
  </testcase> <!-- TestSexandRelationships -->
  <testcase name="CheckAboutUs" time="0.001" classname="remedy.health.AboutUs">
    <skipped/>
  </testcase> <!-- CheckAboutUs -->
  <testcase name="TestDrugsandSpplements" time="0.002" classname="remedy.health.DrugsandSupplements">
    <skipped/>
  </testcase> <!-- TestDrugsandSpplements -->
  <testcase name="TestSharedControls" time="0.002" classname="remedy.health.SharedControls">
    <failure type="java.lang.RuntimeException" message="This operation requires a browser window. Please call one of the following functions first:
 * startChrome()
 * startFirefox()
 * startIE()
 * setDriver(...)">
      <![CDATA[java.lang.RuntimeException: This operation requires a browser window. Please call one of the following functions first:
 * startChrome()
 * startFirefox()
 * startIE()
 * setDriver(...)
	at com.heliumhq.api_impl.APIImpl.requireDriver(APIImpl.java:1168)
	at com.heliumhq.api_impl.APIImpl.scrollBy(APIImpl.java:764)
	at com.heliumhq.api_impl.APIImpl.scrollDownImpl(APIImpl.java:739)
	at com.heliumhq.API.scrollDown(API.java:474)
	at remedy.health.RemedySharedFunctions.SharingControls(RemedySharedFunctions.java:307)
	at remedy.health.SharedControls.CheckSharingControls(SharedControls.java:14)
	at remedy.health.SharedControls.TestSharedControls(SharedControls.java:9)
	at java.util.concurrent.FutureTask.run(FutureTask.java:266)
	at java.util.concurrent.ThreadPoolExecutor.runWorker(ThreadPoolExecutor.java:1142)
	at java.util.concurrent.ThreadPoolExecutor$Worker.run(ThreadPoolExecutor.java:617)
	at java.lang.Thread.run(Thread.java:745)
... Removed 16 stack frames]]>
    </failure>
  </testcase> <!-- TestSharedControls -->
  <testcase name="TestSearchEngine" time="0.0" classname="remedy.health.SearchEngineOptimization">
    <skipped/>
  </testcase> <!-- TestSearchEngine -->
  <testcase name="CheckBookstore" time="0.008" classname="remedy.health.Bookstore">
    <skipped/>
  </testcase> <!-- CheckBookstore -->
  <testcase name="TestFoodandFitness" time="0.002" classname="remedy.health.FoodandFitness">
    <skipped/>
  </testcase> <!-- TestFoodandFitness -->
</testsuite> <!-- IETest -->
